<?xml version="1.0" encoding="UTF-8"?>
<testsuite name="com.example.ddd.domain.DomainPropertyTest" tests="14" skipped="0" failures="0" errors="0" timestamp="2026-05-26T14:19:53" hostname="DESKTOP-3NLDHBS" time="0.337">
  <properties/>
  <testcase name="Property 12 — Cliente com nome em branco lança IllegalArgumentException" classname="com.example.ddd.domain.DomainPropertyTest" time="0.123"/>
  <testcase name="Property 12 — Cliente com CPF em branco lança IllegalArgumentException" classname="com.example.ddd.domain.DomainPropertyTest" time="0.021"/>
  <testcase name="Property 12 — Cliente com nome e CPF válidos é criado com sucesso" classname="com.example.ddd.domain.DomainPropertyTest" time="0.021"/>
  <testcase name="Property 12 — Preco com valor negativo lança IllegalArgumentException" classname="com.example.ddd.domain.DomainPropertyTest" time="0.017"/>
  <testcase name="Property 12 — Preco com valor zero ou positivo é criado com sucesso" classname="com.example.ddd.domain.DomainPropertyTest" time="0.011"/>
  <testcase name="Property 5 — CalculadoraDeDesconto retorna exatamente 90% para Preco &gt; 500" classname="com.example.ddd.domain.DomainPropertyTest" time="0.012"/>
  <testcase name="Property 5 — CalculadoraDeDesconto retorna valor inalterado para Preco &lt;= 500" classname="com.example.ddd.domain.DomainPropertyTest" time="0.011"/>
  <testcase name="Property 5 — regra de desconto é mutuamente exclusiva para qualquer Preco" classname="com.example.ddd.domain.DomainPropertyTest" time="0.016"/>
  <testcase name="Property 7 — adicionarItem falha por estoque insuficiente: estoque do Produto permanece inalterado" classname="com.example.ddd.domain.DomainPropertyTest" time="0.02"/>
  <testcase name="Property 7 — adicionarItem falha quando quantidade solicitada excede estoque: estoque permanece inalterado" classname="com.example.ddd.domain.DomainPropertyTest" time="0.012"/>
  <testcase name="Property 7 — adicionarItem com estoque suficiente decrementa corretamente" classname="com.example.ddd.domain.DomainPropertyTest" time="0.012"/>
  <testcase name="Property 8 — Pedido.pagar() altera apenas status e preserva todos os outros campos" classname="com.example.ddd.domain.DomainPropertyTest" time="0.018"/>
  <testcase name="Property 9 — Pedido com status CANCELADO sempre lança exceção ao chamar pagar()" classname="com.example.ddd.domain.DomainPropertyTest" time="0.014"/>
  <testcase name="Property 8 — Pedido PAGO pode chamar pagar() novamente (idempotente para PAGO)" classname="com.example.ddd.domain.DomainPropertyTest" time="0.008"/>
  <system-out><![CDATA[]]></system-out>
  <system-err><![CDATA[]]></system-err>
</testsuite>
