<?xml version="1.0" encoding="UTF-8"?>
<testsuite name="com.example.ddd.DddApplicationTests" tests="1" skipped="0" failures="0" errors="0" timestamp="2026-05-26T14:19:59" hostname="DESKTOP-3NLDHBS" time="1.04">
  <properties/>
  <testcase name="contextLoads()" classname="com.example.ddd.DddApplicationTests" time="1.04"/>
  <system-out><![CDATA[11:19:54.440 [Test worker] INFO org.springframework.test.context.support.AnnotationConfigContextLoaderUtils -- Could not detect default configuration classes for test class [com.example.ddd.DddApplicationTests]: DddApplicationTests does not declare any static, non-private, non-final, nested classes annotated with @Configuration.
11:19:54.567 [Test worker] INFO org.springframework.boot.test.context.SpringBootTestContextBootstrapper -- Found @SpringBootConfiguration com.example.ddd.DddApplication for test class com.example.ddd.DddApplicationTests

  .   ____          _            __ _ _
 /\\ / ___'_ __ _ _(_)_ __  __ _ \ \ \ \
( ( )\___ | '_ | '_| | '_ \/ _` | \ \ \ \
 \\/  ___)| |_)| | | | | || (_| |  ) ) ) )
  '  |____| .__|_| |_|_| |_\__, | / / / /
 =========|_|==============|___/=/_/_/_/
 :: Spring Boot ::                (v3.2.5)

2026-05-26T11:19:55.064-03:00  INFO 3824 --- [    Test worker] com.example.ddd.DddApplicationTests      : Starting DddApplicationTests using Java 22 with PID 3824 (started by Aline in C:\Users\Aline\Desktop\mini-commerce\mini-commerce\v3-ddd)
2026-05-26T11:19:55.066-03:00  INFO 3824 --- [    Test worker] com.example.ddd.DddApplicationTests      : No active profile set, falling back to 1 default profile: "default"
2026-05-26T11:19:56.038-03:00  INFO 3824 --- [    Test worker] .s.d.r.c.RepositoryConfigurationDelegate : Bootstrapping Spring Data JPA repositories in DEFAULT mode.
2026-05-26T11:19:56.132-03:00  INFO 3824 --- [    Test worker] .s.d.r.c.RepositoryConfigurationDelegate : Finished Spring Data repository scanning in 82 ms. Found 2 JPA repository interfaces.
2026-05-26T11:19:56.702-03:00  INFO 3824 --- [    Test worker] o.hibernate.jpa.internal.util.LogHelper  : HHH000204: Processing PersistenceUnitInfo [name: default]
2026-05-26T11:19:56.793-03:00  INFO 3824 --- [    Test worker] org.hibernate.Version                    : HHH000412: Hibernate ORM core version 6.4.4.Final
2026-05-26T11:19:56.856-03:00  INFO 3824 --- [    Test worker] o.h.c.internal.RegionFactoryInitiator    : HHH000026: Second-level cache disabled
2026-05-26T11:19:57.124-03:00  INFO 3824 --- [    Test worker] o.s.o.j.p.SpringPersistenceUnitInfo      : No LoadTimeWeaver setup: ignoring JPA class transformer
2026-05-26T11:19:57.159-03:00  INFO 3824 --- [    Test worker] com.zaxxer.hikari.HikariDataSource       : HikariPool-1 - Starting...
2026-05-26T11:19:57.349-03:00  INFO 3824 --- [    Test worker] com.zaxxer.hikari.pool.HikariPool        : HikariPool-1 - Added connection conn0: url=jdbc:h2:mem:ddddb user=SA
2026-05-26T11:19:57.352-03:00  INFO 3824 --- [    Test worker] com.zaxxer.hikari.HikariDataSource       : HikariPool-1 - Start completed.
2026-05-26T11:19:57.379-03:00  WARN 3824 --- [    Test worker] org.hibernate.orm.deprecation            : HHH90000025: H2Dialect does not need to be specified explicitly using 'hibernate.dialect' (remove the property setting and it will be selected by default)
2026-05-26T11:19:58.342-03:00  INFO 3824 --- [    Test worker] o.h.e.t.j.p.i.JtaPlatformInitiator       : HHH000489: No JTA platform available (set 'hibernate.transaction.jta.platform' to enable JTA platform integration)
2026-05-26T11:19:58.403-03:00  INFO 3824 --- [    Test worker] j.LocalContainerEntityManagerFactoryBean : Initialized JPA EntityManagerFactory for persistence unit 'default'
2026-05-26T11:19:59.017-03:00  WARN 3824 --- [    Test worker] JpaBaseConfiguration$JpaWebConfiguration : spring.jpa.open-in-view is enabled by default. Therefore, database queries may be performed during view rendering. Explicitly configure spring.jpa.open-in-view to disable this warning
2026-05-26T11:19:59.046-03:00  INFO 3824 --- [    Test worker] o.s.b.a.w.s.WelcomePageHandlerMapping    : Adding welcome page: class path resource [static/index.html]
2026-05-26T11:19:59.446-03:00  INFO 3824 --- [    Test worker] o.s.b.a.h2.H2ConsoleAutoConfiguration    : H2 console available at '/h2-console'. Database available at 'jdbc:h2:mem:ddddb'
2026-05-26T11:19:59.533-03:00  INFO 3824 --- [    Test worker] com.example.ddd.DddApplicationTests      : Started DddApplicationTests in 4.798 seconds (process running for 12.012)
]]></system-out>
  <system-err><![CDATA[WARNING: A Java agent has been loaded dynamically (C:\Users\Aline\.gradle\caches\modules-2\files-2.1\net.bytebuddy\byte-buddy-agent\1.14.13\979ce25f7d3096a2e82214ba7dc972a05ce7a171\byte-buddy-agent-1.14.13.jar)
WARNING: If a serviceability tool is in use, please run with -XX:+EnableDynamicAgentLoading to hide this warning
WARNING: If a serviceability tool is not in use, please run with -Djdk.instrument.traceUsage for more information
WARNING: Dynamic loading of agents will be disallowed by default in a future release
]]></system-err>
</testsuite>
