<?xml version="1.0" encoding="UTF-8"?>
<testsuite name="com.example.ddd.DddArchitectureTest" tests="4" skipped="0" failures="0" errors="0" timestamp="2026-05-26T14:20:01" hostname="DESKTOP-3NLDHBS" time="1.685">
  <properties/>
  <testcase name="dominioNaoDependeDeFrameworks" classname="com.example.ddd.DddArchitectureTest" time="1.676"/>
  <testcase name="applicationNaoDependeDeInfrastructure" classname="com.example.ddd.DddArchitectureTest" time="0.005"/>
  <testcase name="repositoryImplsEstaoNaInfrastructure" classname="com.example.ddd.DddArchitectureTest" time="0.001"/>
  <testcase name="entidadesDomainSemJpa" classname="com.example.ddd.DddArchitectureTest" time="0.003"/>
  <system-out><![CDATA[2026-05-26T11:20:01.061-03:00  INFO 3824 --- [    Test worker] com.tngtech.archunit.core.PluginLoader   : Detected Java version 22
]]></system-out>
  <system-err><![CDATA[]]></system-err>
</testsuite>
