<?xml version="1.0" encoding="UTF-8"?>
<testsuite name="com.example.ddd.domain.UseCasesTest" tests="14" skipped="0" failures="0" errors="0" timestamp="2026-05-26T14:20:00" hostname="DESKTOP-3NLDHBS" time="0.125">
  <properties/>
  <testcase name="CalculadoraDeDesconto - valor abaixo de 500 nao recebe desconto()" classname="com.example.ddd.domain.UseCasesTest" time="0.01"/>
  <testcase name="Pedido pagar - transicao PENDENTE para PAGO()" classname="com.example.ddd.domain.UseCasesTest" time="0.003"/>
  <testcase name="CalculadoraDeDesconto - valor acima de 500 recebe desconto de 10 porcento()" classname="com.example.ddd.domain.UseCasesTest" time="0.002"/>
  <testcase name="Produto decrementarEstoque - quantidade maior que estoque lanca DomainException()" classname="com.example.ddd.domain.UseCasesTest" time="0.005"/>
  <testcase name="Pedido pagar - pedido CANCELADO lanca DomainException()" classname="com.example.ddd.domain.UseCasesTest" time="0.002"/>
  <testcase name="Produto decrementarEstoque - estoque insuficiente lanca DomainException()" classname="com.example.ddd.domain.UseCasesTest" time="0.003"/>
  <testcase name="CriarPedidoUseCase - produto sem estoque lanca DomainException sem persistir()" classname="com.example.ddd.domain.UseCasesTest" time="0.055"/>
  <testcase name="CriarPedidoUseCase - cria pedido PENDENTE com produto disponivel()" classname="com.example.ddd.domain.UseCasesTest" time="0.005"/>
  <testcase name="PagarPedidoUseCase - pedido CANCELADO lanca DomainException sem persistir()" classname="com.example.ddd.domain.UseCasesTest" time="0.004"/>
  <testcase name="CriarPedidoUseCase - produto inexistente lanca DomainException()" classname="com.example.ddd.domain.UseCasesTest" time="0.003"/>
  <testcase name="PagarPedidoUseCase - pedido inexistente lanca NoSuchElementException()" classname="com.example.ddd.domain.UseCasesTest" time="0.003"/>
  <testcase name="Produto decrementarEstoque - decremento valido reduz estoque corretamente()" classname="com.example.ddd.domain.UseCasesTest" time="0.001"/>
  <testcase name="PagarPedidoUseCase - pedido PENDENTE transiciona para PAGO()" classname="com.example.ddd.domain.UseCasesTest" time="0.003"/>
  <testcase name="CalculadoraDeDesconto - valor igual a 500 nao recebe desconto()" classname="com.example.ddd.domain.UseCasesTest" time="0.001"/>
  <system-out><![CDATA[]]></system-out>
  <system-err><![CDATA[]]></system-err>
</testsuite>
