<?xml version="1.0" encoding="UTF-8"?>
<testsuite name="com.example.ddd.infrastructure.repositories.RepositoryImplMappingPropertyTest" tests="8" skipped="0" failures="0" errors="0" timestamp="2026-05-26T14:19:54" hostname="DESKTOP-3NLDHBS" time="0.174">
  <properties/>
  <testcase name="Property 11 — Produto: domain → JPA entity → domain produz objeto igual ao original" classname="com.example.ddd.infrastructure.repositories.RepositoryImplMappingPropertyTest" time="0.028"/>
  <testcase name="Property 11 — Produto: round-trip preserva Preco como Value Object igual" classname="com.example.ddd.infrastructure.repositories.RepositoryImplMappingPropertyTest" time="0.018"/>
  <testcase name="Property 11 — ItemPedido: domain → JPA entity → domain produz objeto igual ao original" classname="com.example.ddd.infrastructure.repositories.RepositoryImplMappingPropertyTest" time="0.02"/>
  <testcase name="Property 11 — Pedido: domain → JPA entity → domain preserva todos os campos escalares" classname="com.example.ddd.infrastructure.repositories.RepositoryImplMappingPropertyTest" time="0.04"/>
  <testcase name="Property 11 — Pedido: round-trip preserva número e conteúdo dos itens" classname="com.example.ddd.infrastructure.repositories.RepositoryImplMappingPropertyTest" time="0.026"/>
  <testcase name="Property 11 — Pedido sem itens: round-trip produz pedido com lista de itens vazia" classname="com.example.ddd.infrastructure.repositories.RepositoryImplMappingPropertyTest" time="0.014"/>
  <testcase name="Property 11 — Pedido: round-trip preserva todos os valores de StatusPedido" classname="com.example.ddd.infrastructure.repositories.RepositoryImplMappingPropertyTest" time="0.005"/>
  <testcase name="Property 11 — Pedido: Cliente Value Object é preservado integralmente no round-trip" classname="com.example.ddd.infrastructure.repositories.RepositoryImplMappingPropertyTest" time="0.015"/>
  <system-out><![CDATA[]]></system-out>
  <system-err><![CDATA[]]></system-err>
</testsuite>
