<?xml version="1.0" encoding="UTF-8"?>
<testsuite name="com.example.hexagonal.HexagonalArchitectureTest" tests="4" skipped="0" failures="0" errors="0" timestamp="2026-05-26T14:17:31" hostname="DESKTOP-3NLDHBS" time="1.837">
  <properties/>
  <testcase name="domainShouldNotDependOnApplicationOrInfrastructure" classname="com.example.hexagonal.HexagonalArchitectureTest" time="1.818"/>
  <testcase name="applicationShouldNotDependOnInfrastructure" classname="com.example.hexagonal.HexagonalArchitectureTest" time="0.013"/>
  <testcase name="adaptersShouldImplementPorts" classname="com.example.hexagonal.HexagonalArchitectureTest" time="0.001"/>
  <testcase name="controllersShouldNotAccessRepositoriesDirectly" classname="com.example.hexagonal.HexagonalArchitectureTest" time="0.004"/>
  <system-out><![CDATA[2026-05-26T11:17:31.369-03:00  INFO 15036 --- [    Test worker] com.tngtech.archunit.core.PluginLoader   : Detected Java version 22
]]></system-out>
  <system-err><![CDATA[]]></system-err>
</testsuite>
