<?xml version="1.0" encoding="UTF-8"?>
<testsuite name="com.example.hexagonal.HexagonalApplicationTests" tests="1" skipped="0" failures="0" errors="0" timestamp="2026-05-26T14:17:29" hostname="DESKTOP-3NLDHBS" time="1.035">
  <properties/>
  <testcase name="contextLoads()" classname="com.example.hexagonal.HexagonalApplicationTests" time="1.035"/>
  <system-out><![CDATA[11:17:24.209 [Test worker] INFO org.springframework.test.context.support.AnnotationConfigContextLoaderUtils -- Could not detect default configuration classes for test class [com.example.hexagonal.HexagonalApplicationTests]: HexagonalApplicationTests does not declare any static, non-private, non-final, nested classes annotated with @Configuration.
11:17:24.397 [Test worker] INFO org.springframework.boot.test.context.SpringBootTestContextBootstrapper -- Found @SpringBootConfiguration com.example.hexagonal.HexagonalApplication for test class com.example.hexagonal.HexagonalApplicationTests

  .   ____          _            __ _ _
 /\\ / ___'_ __ _ _(_)_ __  __ _ \ \ \ \
( ( )\___ | '_ | '_| | '_ \/ _` | \ \ \ \
 \\/  ___)| |_)| | | | | || (_| |  ) ) ) )
  '  |____| .__|_| |_|_| |_\__, | / / / /
 =========|_|==============|___/=/_/_/_/
 :: Spring Boot ::                (v3.2.5)

2026-05-26T11:17:24.957-03:00  INFO 15036 --- [    Test worker] c.e.hexagonal.HexagonalApplicationTests  : Starting HexagonalApplicationTests using Java 22 with PID 15036 (started by Aline in C:\Users\Aline\Desktop\mini-commerce\mini-commerce\v2-hexagonal)
2026-05-26T11:17:24.959-03:00  INFO 15036 --- [    Test worker] c.e.hexagonal.HexagonalApplicationTests  : No active profile set, falling back to 1 default profile: "default"
2026-05-26T11:17:26.040-03:00  INFO 15036 --- [    Test worker] .s.d.r.c.RepositoryConfigurationDelegate : Bootstrapping Spring Data JPA repositories in DEFAULT mode.
2026-05-26T11:17:26.119-03:00  INFO 15036 --- [    Test worker] .s.d.r.c.RepositoryConfigurationDelegate : Finished Spring Data repository scanning in 68 ms. Found 2 JPA repository interfaces.
2026-05-26T11:17:26.671-03:00  INFO 15036 --- [    Test worker] o.hibernate.jpa.internal.util.LogHelper  : HHH000204: Processing PersistenceUnitInfo [name: default]
2026-05-26T11:17:26.755-03:00  INFO 15036 --- [    Test worker] org.hibernate.Version                    : HHH000412: Hibernate ORM core version 6.4.4.Final
2026-05-26T11:17:26.799-03:00  INFO 15036 --- [    Test worker] o.h.c.internal.RegionFactoryInitiator    : HHH000026: Second-level cache disabled
2026-05-26T11:17:27.041-03:00  INFO 15036 --- [    Test worker] o.s.o.j.p.SpringPersistenceUnitInfo      : No LoadTimeWeaver setup: ignoring JPA class transformer
2026-05-26T11:17:27.079-03:00  INFO 15036 --- [    Test worker] com.zaxxer.hikari.HikariDataSource       : HikariPool-1 - Starting...
2026-05-26T11:17:27.272-03:00  INFO 15036 --- [    Test worker] com.zaxxer.hikari.pool.HikariPool        : HikariPool-1 - Added connection conn0: url=jdbc:h2:mem:hexagonaldb user=SA
2026-05-26T11:17:27.275-03:00  INFO 15036 --- [    Test worker] com.zaxxer.hikari.HikariDataSource       : HikariPool-1 - Start completed.
2026-05-26T11:17:27.302-03:00  WARN 15036 --- [    Test worker] org.hibernate.orm.deprecation            : HHH90000025: H2Dialect does not need to be specified explicitly using 'hibernate.dialect' (remove the property setting and it will be selected by default)
2026-05-26T11:17:28.268-03:00  INFO 15036 --- [    Test worker] o.h.e.t.j.p.i.JtaPlatformInitiator       : HHH000489: No JTA platform available (set 'hibernate.transaction.jta.platform' to enable JTA platform integration)
2026-05-26T11:17:28.334-03:00  INFO 15036 --- [    Test worker] j.LocalContainerEntityManagerFactoryBean : Initialized JPA EntityManagerFactory for persistence unit 'default'
2026-05-26T11:17:28.909-03:00  WARN 15036 --- [    Test worker] JpaBaseConfiguration$JpaWebConfiguration : spring.jpa.open-in-view is enabled by default. Therefore, database queries may be performed during view rendering. Explicitly configure spring.jpa.open-in-view to disable this warning
2026-05-26T11:17:28.935-03:00  INFO 15036 --- [    Test worker] o.s.b.a.w.s.WelcomePageHandlerMapping    : Adding welcome page: class path resource [static/index.html]
2026-05-26T11:17:29.320-03:00  INFO 15036 --- [    Test worker] o.s.b.a.h2.H2ConsoleAutoConfiguration    : H2 console available at '/h2-console'. Database available at 'jdbc:h2:mem:hexagonaldb'
2026-05-26T11:17:29.396-03:00  INFO 15036 --- [    Test worker] c.e.hexagonal.HexagonalApplicationTests  : Started HexagonalApplicationTests in 4.772 seconds (process running for 6.414)
]]></system-out>
  <system-err><![CDATA[WARNING: A Java agent has been loaded dynamically (C:\Users\Aline\.gradle\caches\modules-2\files-2.1\net.bytebuddy\byte-buddy-agent\1.14.13\979ce25f7d3096a2e82214ba7dc972a05ce7a171\byte-buddy-agent-1.14.13.jar)
WARNING: If a serviceability tool is in use, please run with -XX:+EnableDynamicAgentLoading to hide this warning
WARNING: If a serviceability tool is not in use, please run with -Djdk.instrument.traceUsage for more information
WARNING: Dynamic loading of agents will be disallowed by default in a future release
]]></system-err>
</testsuite>
