<?xml version="1.0" encoding="UTF-8"?>
<testsuite name="com.example.monolito.service.PedidoServiceTest" tests="4" skipped="0" failures="0" errors="0" timestamp="2026-05-26T14:05:08" hostname="DESKTOP-3NLDHBS" time="0.016">
  <properties/>
  <testcase name="quandoValorBrutoMenorOuIgual500_naoAplicaDesconto()" classname="com.example.monolito.service.PedidoServiceTest" time="0.007"/>
  <testcase name="quandoPedidoCancelado_naoPodeSerPago()" classname="com.example.monolito.service.PedidoServiceTest" time="0.002"/>
  <testcase name="quandoProdutoSemEstoque_rejeita()" classname="com.example.monolito.service.PedidoServiceTest" time="0.002"/>
  <testcase name="quandoValorBrutoMaiorQue500_aplicaDesconto10Porcento()" classname="com.example.monolito.service.PedidoServiceTest" time="0.002"/>
  <system-out><![CDATA[]]></system-out>
  <system-err><![CDATA[]]></system-err>
</testsuite>
