<?xml version="1.0" encoding="UTF-8"?>
<testsuite name="com.example.monolito.MonolitoApplicationTests" tests="1" skipped="0" failures="0" errors="0" timestamp="2026-05-26T14:05:08" hostname="DESKTOP-3NLDHBS" time="0.024">
  <properties/>
  <testcase name="contextLoads()" classname="com.example.monolito.MonolitoApplicationTests" time="0.024"/>
  <system-out><![CDATA[11:05:03.434 [Test worker] INFO org.springframework.test.context.support.AnnotationConfigContextLoaderUtils -- Could not detect default configuration classes for test class [com.example.monolito.MonolitoApplicationTests]: MonolitoApplicationTests does not declare any static, non-private, non-final, nested classes annotated with @Configuration.
11:05:03.602 [Test worker] INFO org.springframework.boot.test.context.SpringBootTestContextBootstrapper -- Found @SpringBootConfiguration com.example.monolito.MonolitoApplication for test class com.example.monolito.MonolitoApplicationTests

  .   ____          _            __ _ _
 /\\ / ___'_ __ _ _(_)_ __  __ _ \ \ \ \
( ( )\___ | '_ | '_| | '_ \/ _` | \ \ \ \
 \\/  ___)| |_)| | | | | || (_| |  ) ) ) )
  '  |____| .__|_| |_|_| |_\__, | / / / /
 =========|_|==============|___/=/_/_/_/
 :: Spring Boot ::                (v3.2.5)

2026-05-26T11:05:04.257-03:00  INFO 9112 --- [    Test worker] c.e.monolito.MonolitoApplicationTests    : Starting MonolitoApplicationTests using Java 22 with PID 9112 (started by Aline in C:\Users\Aline\Desktop\mini-commerce\mini-commerce\v1-monolito)
2026-05-26T11:05:04.259-03:00  INFO 9112 --- [    Test worker] c.e.monolito.MonolitoApplicationTests    : No active profile set, falling back to 1 default profile: "default"
2026-05-26T11:05:05.196-03:00  INFO 9112 --- [    Test worker] .s.d.r.c.RepositoryConfigurationDelegate : Bootstrapping Spring Data JPA repositories in DEFAULT mode.
2026-05-26T11:05:05.275-03:00  INFO 9112 --- [    Test worker] .s.d.r.c.RepositoryConfigurationDelegate : Finished Spring Data repository scanning in 67 ms. Found 2 JPA repository interfaces.
2026-05-26T11:05:05.820-03:00  INFO 9112 --- [    Test worker] o.hibernate.jpa.internal.util.LogHelper  : HHH000204: Processing PersistenceUnitInfo [name: default]
2026-05-26T11:05:05.895-03:00  INFO 9112 --- [    Test worker] org.hibernate.Version                    : HHH000412: Hibernate ORM core version 6.4.4.Final
2026-05-26T11:05:05.934-03:00  INFO 9112 --- [    Test worker] o.h.c.internal.RegionFactoryInitiator    : HHH000026: Second-level cache disabled
2026-05-26T11:05:06.049-03:00  INFO 9112 --- [    Test worker] o.s.o.j.p.SpringPersistenceUnitInfo      : No LoadTimeWeaver setup: ignoring JPA class transformer
2026-05-26T11:05:06.081-03:00  INFO 9112 --- [    Test worker] com.zaxxer.hikari.HikariDataSource       : HikariPool-1 - Starting...
2026-05-26T11:05:06.274-03:00  INFO 9112 --- [    Test worker] com.zaxxer.hikari.pool.HikariPool        : HikariPool-1 - Added connection conn0: url=jdbc:h2:mem:monolitodb user=SA
2026-05-26T11:05:06.277-03:00  INFO 9112 --- [    Test worker] com.zaxxer.hikari.HikariDataSource       : HikariPool-1 - Start completed.
2026-05-26T11:05:06.319-03:00  WARN 9112 --- [    Test worker] org.hibernate.orm.deprecation            : HHH90000025: H2Dialect does not need to be specified explicitly using 'hibernate.dialect' (remove the property setting and it will be selected by default)
2026-05-26T11:05:07.157-03:00  INFO 9112 --- [    Test worker] o.h.e.t.j.p.i.JtaPlatformInitiator       : HHH000489: No JTA platform available (set 'hibernate.transaction.jta.platform' to enable JTA platform integration)
2026-05-26T11:05:07.230-03:00  INFO 9112 --- [    Test worker] j.LocalContainerEntityManagerFactoryBean : Initialized JPA EntityManagerFactory for persistence unit 'default'
2026-05-26T11:05:07.809-03:00  WARN 9112 --- [    Test worker] JpaBaseConfiguration$JpaWebConfiguration : spring.jpa.open-in-view is enabled by default. Therefore, database queries may be performed during view rendering. Explicitly configure spring.jpa.open-in-view to disable this warning
2026-05-26T11:05:07.840-03:00  INFO 9112 --- [    Test worker] o.s.b.a.w.s.WelcomePageHandlerMapping    : Adding welcome page: class path resource [static/index.html]
2026-05-26T11:05:08.235-03:00  INFO 9112 --- [    Test worker] o.s.b.a.h2.H2ConsoleAutoConfiguration    : H2 console available at '/h2-console'. Database available at 'jdbc:h2:mem:monolitodb'
2026-05-26T11:05:08.314-03:00  INFO 9112 --- [    Test worker] c.e.monolito.MonolitoApplicationTests    : Started MonolitoApplicationTests in 4.494 seconds (process running for 13.415)
]]></system-out>
  <system-err><![CDATA[]]></system-err>
</testsuite>
